[    0.000000] Initializing cgroup subsys cpuset
[    0.000000] Initializing cgroup subsys cpu
[    0.000000] Initializing cgroup subsys cpuacct
[    0.000000] Linux version 4.4.0-210-generic (buildd@lgw01-amd64-009) (gcc version 5.4.0 20160609 (Ubuntu 5.4.0-6ubuntu1~16.04.12) ) #242-Ubuntu SMP Fri Apr 16 09:57:56 UTC 2021 (Ubuntu 4.4.0-210.242-generic 4.4.262)
[    0.000000] Command line: BOOT_IMAGE=/boot/vmlinuz-4.4.0-210-generic root=LABEL=cloudimg-rootfs ro console=tty1 console=ttyS0
[    0.000000] KERNEL supported cpus:
[    0.000000]   Intel GenuineIntel
[    0.000000]   AMD AuthenticAMD
[    0.000000]   Centaur CentaurHauls
[    0.000000] x86/fpu: xstate_offset[2]:  576, xstate_sizes[2]:  256
[    0.000000] x86/fpu: Supporting XSAVE feature 0x01: 'x87 floating point registers'
[    0.000000] x86/fpu: Supporting XSAVE feature 0x02: 'SSE registers'
[    0.000000] x86/fpu: Supporting XSAVE feature 0x04: 'AVX registers'
[    0.000000] x86/fpu: Enabled xstate features 0x7, context size is 832 bytes, using 'standard' format.
[    0.000000] e820: BIOS-provided physical RAM map:
[    0.000000] BIOS-e820: [mem 0x0000000000000000-0x000000000009fbff] usable
[    0.000000] BIOS-e820: [mem 0x000000000009fc00-0x000000000009ffff] reserved
[    0.000000] BIOS-e820: [mem 0x00000000000f0000-0x00000000000fffff] reserved
[    0.000000] BIOS-e820: [mem 0x0000000000100000-0x000000003ffeffff] usable
[    0.000000] BIOS-e820: [mem 0x000000003fff0000-0x000000003fffffff] ACPI data
[    0.000000] BIOS-e820: [mem 0x00000000fec00000-0x00000000fec00fff] reserved
[    0.000000] BIOS-e820: [mem 0x00000000fee00000-0x00000000fee00fff] reserved
[    0.000000] BIOS-e820: [mem 0x00000000fffc0000-0x00000000ffffffff] reserved
[    0.000000] NX (Execute Disable) protection: active
[    0.000000] SMBIOS 2.5 present.
[    0.000000] Hypervisor detected: KVM
[    0.000000] e820: last_pfn = 0x3fff0 max_arch_pfn = 0x400000000
[    0.000000] MTRR: Disabled
[    0.000000] x86/PAT: MTRRs disabled, skipping PAT initialization too.
[    0.000000] CPU MTRRs all blank - virtualized system.
[    0.000000] x86/PAT: Configuration [0-7]: WB  WT  UC- UC  WB  WT  UC- UC  
[    0.000000] found SMP MP-table at [mem 0x0009fff0-0x0009ffff] mapped at [ffff88000009fff0]
[    0.000000] Scanning 1 areas for low memory corruption
[    0.000000] RAMDISK: [mem 0x362dc000-0x37165fff]
[    0.000000] ACPI: Early table checksum verification disabled
[    0.000000] ACPI: RSDP 0x00000000000E0000 000024 (v02 VBOX  )
[    0.000000] ACPI: XSDT 0x000000003FFF0030 00003C (v01 VBOX   VBOXXSDT 00000001 ASL  00000061)
[    0.000000] ACPI: FACP 0x000000003FFF00F0 0000F4 (v04 VBOX   VBOXFACP 00000001 ASL  00000061)
[    0.000000] ACPI: DSDT 0x000000003FFF0470 002325 (v02 VBOX   VBOXBIOS 00000002 INTL 20120111)
[    0.000000] ACPI: FACS 0x000000003FFF0200 000040
[    0.000000] ACPI: FACS 0x000000003FFF0200 000040
[    0.000000] ACPI: APIC 0x000000003FFF0240 00005C (v02 VBOX   VBOXAPIC 00000001 ASL  00000061)
[    0.000000] ACPI: SSDT 0x000000003FFF02A0 0001CC (v01 VBOX   VBOXCPUT 00000002 INTL 20120111)
[    0.000000] No NUMA configuration found
[    0.000000] Faking a node at [mem 0x0000000000000000-0x000000003ffeffff]
[    0.000000] NODE_DATA(0) allocated [mem 0x3ffeb000-0x3ffeffff]
[    0.000000] kvm-clock: Using msrs 4b564d01 and 4b564d00
[    0.000000] kvm-clock: cpu 0, msr 0:3ffe3001, primary cpu clock
[    0.000000] kvm-clock: using sched offset of 4753167329 cycles
[    0.000000] clocksource: kvm-clock: mask: 0xffffffffffffffff max_cycles: 0x1cd42e4dffb, max_idle_ns: 881590591483 ns
[    0.000000] Zone ranges:
[    0.000000]   DMA      [mem 0x0000000000001000-0x0000000000ffffff]
[    0.000000]   DMA32    [mem 0x0000000001000000-0x000000003ffeffff]
[    0.000000]   Normal   empty
[    0.000000]   Device   empty
[    0.000000] Movable zone start for each node
[    0.000000] Early memory node ranges
[    0.000000]   node   0: [mem 0x0000000000001000-0x000000000009efff]
[    0.000000]   node   0: [mem 0x0000000000100000-0x000000003ffeffff]
[    0.000000] Initmem setup node 0 [mem 0x0000000000001000-0x000000003ffeffff]
[    0.000000] ACPI: PM-Timer IO Port: 0x4008
[    0.000000] IOAPIC[0]: apic_id 2, version 32, address 0xfec00000, GSI 0-23
[    0.000000] ACPI: INT_SRC_OVR (bus 0 bus_irq 0 global_irq 2 dfl dfl)
[    0.000000] ACPI: INT_SRC_OVR (bus 0 bus_irq 9 global_irq 9 low level)
[    0.000000] Using ACPI (MADT) for SMP configuration information
[    0.000000] smpboot: Allowing 2 CPUs, 0 hotplug CPUs
[    0.000000] PM: Registered nosave memory: [mem 0x00000000-0x00000fff]
[    0.000000] PM: Registered nosave memory: [mem 0x0009f000-0x0009ffff]
[    0.000000] PM: Registered nosave memory: [mem 0x000a0000-0x000effff]
[    0.000000] PM: Registered nosave memory: [mem 0x000f0000-0x000fffff]
[    0.000000] e820: [mem 0x40000000-0xfebfffff] available for PCI devices
[    0.000000] Booting paravirtualized kernel on KVM
[    0.000000] clocksource: refined-jiffies: mask: 0xffffffff max_cycles: 0xffffffff, max_idle_ns: 7645519600211568 ns
[    0.000000] setup_percpu: NR_CPUS:512 nr_cpumask_bits:512 nr_cpu_ids:2 nr_node_ids:1
[    0.000000] PERCPU: Embedded 33 pages/cpu @ffff88003fc00000 s95192 r8192 d31784 u1048576
[    0.000000] Built 1 zonelists in Node order, mobility grouping on.  Total pages: 257912
[    0.000000] Policy zone: DMA32
[    0.000000] Kernel command line: BOOT_IMAGE=/boot/vmlinuz-4.4.0-210-generic root=LABEL=cloudimg-rootfs ro console=tty1 console=ttyS0
[    0.000000] PID hash table entries: 4096 (order: 3, 32768 bytes)
[    0.000000] Memory: 997792K/1048120K available (8644K kernel code, 1332K rwdata, 4044K rodata, 1492K init, 1164K bss, 50328K reserved, 0K cma-reserved)
[    0.000000] SLUB: HWalign=64, Order=0-3, MinObjects=0, CPUs=2, Nodes=1
[    0.000000] Kernel/User page tables isolation: enabled
[    0.000000] Hierarchical RCU implementation.
[    0.000000] 	Build-time adjustment of leaf fanout to 64.
[    0.000000] 	RCU restricting CPUs from NR_CPUS=512 to nr_cpu_ids=2.
[    0.000000] RCU: Adjusting geometry for rcu_fanout_leaf=64, nr_cpu_ids=2
[    0.000000] NR_IRQS:33024 nr_irqs:440 16
[    0.000000] Console: colour VGA+ 80x25
[    0.000000] console [tty1] enabled
[    0.000000] console [ttyS0] enabled
[    0.000000] tsc: Detected 1113.600 MHz processor
[    0.455645] Calibrating delay loop (skipped) preset value.. 2227.20 BogoMIPS (lpj=4454400)
[    0.459995] pid_max: default: 32768 minimum: 301
[    0.462770] ACPI: Core revision 20150930
[    0.466135] ACPI: 2 ACPI AML tables successfully acquired and loaded
[    0.469100] Security Framework initialized
[    0.471262] Yama: becoming mindful.
[    0.473423] AppArmor: AppArmor initialized
[    0.475627] Dentry cache hash table entries: 131072 (order: 8, 1048576 bytes)
[    0.482358] Inode-cache hash table entries: 65536 (order: 7, 524288 bytes)
[    0.486174] Mount-cache hash table entries: 2048 (order: 2, 16384 bytes)
[    0.489443] Mountpoint-cache hash table entries: 2048 (order: 2, 16384 bytes)
[    0.493201] Initializing cgroup subsys io
[    0.495051] Initializing cgroup subsys memory
[    0.498496] Initializing cgroup subsys devices
[    0.500925] Initializing cgroup subsys freezer
[    0.503397] Initializing cgroup subsys net_cls
[    0.505494] Initializing cgroup subsys perf_event
[    0.509144] Initializing cgroup subsys net_prio
[    0.511709] Initializing cgroup subsys hugetlb
[    0.513808] Initializing cgroup subsys pids
[    0.521052] mce: CPU supports 0 MCE banks
[    0.522931] Last level iTLB entries: 4KB 0, 2MB 0, 4MB 0
[    0.524912] Last level dTLB entries: 4KB 0, 2MB 0, 4MB 0, 1GB 0
[    0.527539] Spectre V1 : Mitigation: usercopy/swapgs barriers and __user pointer sanitization
[    0.531925] Spectre V2 : Mitigation: Full generic retpoline
[    0.536264] Spectre V2 : Spectre v2 / SpectreRSB mitigation: Filling RSB on context switch
[    0.546224] Speculative Store Bypass: Vulnerable
[    0.549927] MDS: Mitigation: Clear CPU buffers
[    0.557825] Freeing SMP alternatives memory: 36K
[    0.575614] ftrace: allocating 32380 entries in 127 pages
[    0.754422] smpboot: APIC(0) Converting physical 0 to logical package 0
[    0.840901] smpboot: Max logical packages: 1
[    0.852052] x2apic enabled
[    0.854828] Switched APIC routing to physical x2apic.
[    0.867367] ..TIMER: vector=0x30 apic1=0 pin1=2 apic2=-1 pin2=-1
[    0.979088] APIC calibration not consistent with PM-Timer: 97ms instead of 100ms
[    0.985729] APIC delta adjusted to PM-Timer: 6251316 (6099030)
[    0.989764] smpboot: CPU0: Intel(R) Core(TM) i3-1000NG4 CPU @ 1.10GHz (family: 0x6, model: 0x7e, stepping: 0x5)
[    0.995756] Performance Events: unsupported p6 CPU model 126 no PMU driver, software events only.
[    1.032255] KVM setup paravirtual spinlock
[    1.037729] x86: Booting SMP configuration:
[    1.039899] .... node  #0, CPUs:      #1
[    1.044682] kvm-clock: cpu 1, msr 0:3ffe3041, secondary cpu clock
[    1.058020] mce: CPU supports 0 MCE banks
[    1.083110] x86: Booted up 1 node, 2 CPUs
[    1.087299] smpboot: Total of 2 processors activated (4454.40 BogoMIPS)
[    1.091387] devtmpfs: initialized
[    1.097142] evm: security.selinux
[    1.100326] evm: security.SMACK64
[    1.103885] evm: security.SMACK64EXEC
[    1.106755] evm: security.SMACK64TRANSMUTE
[    1.112475] evm: security.SMACK64MMAP
[    1.114706] evm: security.ima
[    1.119675] evm: security.capability
[    1.124084] clocksource: jiffies: mask: 0xffffffff max_cycles: 0xffffffff, max_idle_ns: 7645041785100000 ns
[    1.135108] futex hash table entries: 512 (order: 3, 32768 bytes)
[    1.145122] pinctrl core: initialized pinctrl subsystem
[    1.151142] RTC time: 10:52:00, date: 06/06/22
[    1.154982] NET: Registered protocol family 16
[    1.174585] cpuidle: using governor ladder
[    1.190803] cpuidle: using governor menu
[    1.193835] PCCT header not found.
[    1.197677] ACPI: bus type PCI registered
[    1.199979] acpiphp: ACPI Hot Plug PCI Controller Driver version: 0.5
[    1.207341] PCI: Using configuration type 1 for base access
[    1.230666] ACPI: Added _OSI(Module Device)
[    1.233890] ACPI: Added _OSI(Processor Device)
[    1.240505] ACPI: Added _OSI(3.0 _SCP Extensions)
[    1.245757] ACPI: Added _OSI(Processor Aggregator Device)
[    1.252380] ACPI: Executed 1 blocks of module-level executable AML code
[    1.276181] ACPI: Interpreter enabled
[    1.285497] ACPI: (supports S0 S5)
[    1.295379] ACPI: Using IOAPIC for interrupt routing
[    1.302079] PCI: Using host bridge windows from ACPI; if necessary, use "pci=nocrs" and report a bug
[    1.340956] ACPI: PCI Root Bridge [PCI0] (domain 0000 [bus 00-ff])
[    1.368331] acpi PNP0A03:00: _OSC: OS supports [ASPM ClockPM Segments MSI]
[    1.407132] acpi PNP0A03:00: _OSC: not requesting OS control; OS requires [ExtendedConfig ASPM ClockPM MSI]
[    1.448159] acpi PNP0A03:00: fail to add MMCONFIG information, can't access extended PCI configuration space under this bridge.
[    1.471956] PCI host bridge to bus 0000:00
[    1.483702] pci_bus 0000:00: root bus resource [io  0x0000-0x0cf7 window]
[    1.494046] pci_bus 0000:00: root bus resource [io  0x0d00-0xffff window]
[    1.503165] pci_bus 0000:00: root bus resource [mem 0x000a0000-0x000bffff window]
[    1.510953] pci_bus 0000:00: root bus resource [mem 0x40000000-0xfdffffff window]
[    1.526325] pci_bus 0000:00: root bus resource [bus 00-ff]
[    1.556665] pci 0000:00:01.1: legacy IDE quirk: reg 0x10: [io  0x01f0-0x01f7]
[    1.600738] pci 0000:00:01.1: legacy IDE quirk: reg 0x14: [io  0x03f6]
[    1.604553] pci 0000:00:01.1: legacy IDE quirk: reg 0x18: [io  0x0170-0x0177]
[    1.609428] pci 0000:00:01.1: legacy IDE quirk: reg 0x1c: [io  0x0376]
[    1.655724] pci 0000:00:07.0: quirk: [io  0x4000-0x403f] claimed by PIIX4 ACPI
[    1.662649] pci 0000:00:07.0: quirk: [io  0x4100-0x410f] claimed by PIIX4 SMB
[    1.691012] ACPI: PCI Interrupt Link [LNKA] (IRQs 5 9 10 *11)
[    1.697950] ACPI: PCI Interrupt Link [LNKB] (IRQs 5 9 *10 11)
[    1.702693] ACPI: PCI Interrupt Link [LNKC] (IRQs 5 *9 10 11)
[    1.707495] ACPI: PCI Interrupt Link [LNKD] (IRQs 5 9 10 *11)
[    1.712033] ACPI: Enabled 2 GPEs in block 00 to 07
[    1.722666] vgaarb: setting as boot device: PCI:0000:00:02.0
[    1.726664] vgaarb: device added: PCI:0000:00:02.0,decodes=io+mem,owns=io+mem,locks=none
[    1.734232] vgaarb: loaded
[    1.739292] vgaarb: bridge control possible 0000:00:02.0
[    1.743515] SCSI subsystem initialized
[    1.746812] ACPI: bus type USB registered
[    1.749760] usbcore: registered new interface driver usbfs
[    1.754363] usbcore: registered new interface driver hub
[    1.763132] usbcore: registered new device driver usb
[    1.769930] PCI: Using ACPI for IRQ routing
[    1.775834] NetLabel: Initializing
[    1.780350] NetLabel:  domain hash size = 128
[    1.784156] NetLabel:  protocols = UNLABELED CIPSOv4
[    1.788140] NetLabel:  unlabeled traffic allowed by default
[    1.791068] amd_nb: Cannot enumerate AMD northbridges
[    1.794314] clocksource: Switched to clocksource kvm-clock
[    1.815982] AppArmor: AppArmor Filesystem Enabled
[    1.818485] pnp: PnP ACPI init
[    1.829334] pnp: PnP ACPI: found 3 devices
[    1.849508] clocksource: acpi_pm: mask: 0xffffff max_cycles: 0xffffff, max_idle_ns: 2085701024 ns
[    1.855857] NET: Registered protocol family 2
[    1.858614] TCP established hash table entries: 8192 (order: 4, 65536 bytes)
[    1.862412] TCP bind hash table entries: 8192 (order: 5, 131072 bytes)
[    1.866107] TCP: Hash tables configured (established 8192 bind 8192)
[    1.870229] UDP hash table entries: 512 (order: 2, 16384 bytes)
[    1.875852] UDP-Lite hash table entries: 512 (order: 2, 16384 bytes)
[    1.881385] NET: Registered protocol family 1
[    1.885724] pci 0000:00:00.0: Limiting direct PCI/PCI transfers
[    1.888559] pci 0000:00:01.0: Activating ISA DMA hang workarounds
[    1.891146] Unpacking initramfs...
[    2.304202] Freeing initrd memory: 14888K
[    2.306816] clocksource: tsc: mask: 0xffffffffffffffff max_cycles: 0x100d48ce7a0, max_idle_ns: 440795212195 ns
[    2.312135] platform rtc_cmos: registered platform RTC device (no PNP device found)
[    2.316002] Scanning for low memory corruption every 60 seconds
[    2.319453] audit: initializing netlink subsys (disabled)
[    2.321858] audit: type=2000 audit(1654512727.837:1): initialized
[    2.327106] Initialise system trusted keyring
[    2.329789] HugeTLB registered 2 MB page size, pre-allocated 0 pages
[    2.334959] zbud: loaded
[    2.338231] VFS: Disk quotas dquot_6.6.0
[    2.340586] VFS: Dquot-cache hash table entries: 512 (order 0, 4096 bytes)
[    2.344764] squashfs: version 4.0 (2009/01/31) Phillip Lougher
[    2.347247] fuse init (API version 7.23)
[    2.349232] Key type big_key registered
[    2.351138] Allocating IMA MOK and blacklist keyrings.
[    2.355404] Key type asymmetric registered
[    2.356947] Asymmetric key parser 'x509' registered
[    2.358857] Block layer SCSI generic (bsg) driver version 0.4 loaded (major 249)
[    2.361913] io scheduler noop registered
[    2.364158] io scheduler deadline registered (default)
[    2.366140] io scheduler cfq registered
[    2.367891] pci_hotplug: PCI Hot Plug PCI Core version: 0.5
[    2.370267] pciehp: PCI Express Hot Plug Controller Driver version: 0.4
[    2.374681] ACPI: AC Adapter [AC] (off-line)
[    2.377947] input: Power Button as /devices/LNXSYSTM:00/LNXPWRBN:00/input/input0
[    2.382795] ACPI: Power Button [PWRF]
[    2.385097] input: Sleep Button as /devices/LNXSYSTM:00/LNXSLPBN:00/input/input1
[    2.387925] ACPI: Sleep Button [SLPF]
[    2.390176] GHES: HEST is not enabled!
[    2.392245] ACPI: Battery Slot [BAT0] (battery present)
[    2.395194] Serial: 8250/16550 driver, 32 ports, IRQ sharing enabled
[    2.420813] 00:02: ttyS0 at I/O 0x3f8 (irq = 4, base_baud = 115200) is a 16550A
[    2.429714] Linux agpgart interface v0.103
[    2.435965] loop: module loaded
[    2.438698] scsi host0: ata_piix
[    2.441258] scsi host1: ata_piix
[    2.443130] ata1: PATA max UDMA/33 cmd 0x1f0 ctl 0x3f6 bmdma 0xd000 irq 14
[    2.445683] ata2: PATA max UDMA/33 cmd 0x170 ctl 0x376 bmdma 0xd008 irq 15
[    2.449009] libphy: Fixed MDIO Bus: probed
[    2.451524] tun: Universal TUN/TAP device driver, 1.6
[    2.453796] tun: (C) 1999-2004 Max Krasnyansky <maxk@qualcomm.com>
[    2.456347] PPP generic driver version 2.4.2
[    2.458073] ehci_hcd: USB 2.0 'Enhanced' Host Controller (EHCI) Driver
[    2.461488] ehci-pci: EHCI PCI platform driver
[    2.463448] ehci-platform: EHCI generic platform driver
[    2.465447] ohci_hcd: USB 1.1 'Open' Host Controller (OHCI) Driver
[    2.467929] ohci-pci: OHCI PCI platform driver
[    2.470666] ohci-platform: OHCI generic platform driver
[    2.473203] uhci_hcd: USB Universal Host Controller Interface driver
[    2.476614] i8042: PNP: PS/2 Controller [PNP0303:PS2K,PNP0f03:PS2M] at 0x60,0x64 irq 1,12
[    2.481731] serio: i8042 KBD port at 0x60,0x64 irq 1
[    2.484214] serio: i8042 AUX port at 0x60,0x64 irq 12
[    2.488084] mousedev: PS/2 mouse device common for all mice
[    2.491136] input: AT Translated Set 2 keyboard as /devices/platform/i8042/serio0/input/input2
[    2.496173] rtc_cmos rtc_cmos: rtc core: registered rtc_cmos as rtc0
[    2.498705] rtc_cmos rtc_cmos: alarms up to one day, 114 bytes nvram
[    2.501008] i2c /dev entries driver
[    2.503190] device-mapper: uevent: version 1.0.3
[    2.505737] device-mapper: ioctl: 4.34.0-ioctl (2015-10-28) initialised: dm-devel@redhat.com
[    2.509368] ledtrig-cpu: registered to indicate activity on CPUs
[    2.512486] NET: Registered protocol family 10
[    2.515342] NET: Registered protocol family 17
[    2.519024] Key type dns_resolver registered
[    2.521983] registered taskstats version 1
[    2.524145] Loading compiled-in X.509 certificates
[    2.527703] Loaded X.509 cert 'Build time autogenerated kernel key: cf00e047681d67edb2720680708b7d9498083038'
[    2.532022] zswap: loaded using pool lzo/zbud
[    2.538523] Key type trusted registered
[    2.549258] Key type encrypted registered
[    2.551898] AppArmor: AppArmor sha1 policy hashing enabled
[    2.556928] ima: No TPM chip found, activating TPM-bypass!
[    2.560822] ima: Allocated hash algorithm: sha1
[    2.563270] evm: HMAC attrs: 0x1
[    2.565966]   Magic number: 10:847:880
[    2.567620] rtc_cmos rtc_cmos: setting system clock to 2022-06-06 10:52:02 UTC (1654512722)
[    2.571494] BIOS EDD facility v0.16 2004-Jun-25, 0 devices found
[    2.573658] EDD information not available.
[    2.633038] Freeing unused kernel memory: 1492K
[    2.634929] Write protecting the kernel read-only data: 14336k
[    2.637791] Freeing unused kernel memory: 1584K
[    2.639643] Freeing unused kernel memory: 52K
Loading, please wait...
starting version 229
[    2.677726] random: systemd-udevd: uninitialized urandom read (16 bytes read, 5 bits of entropy available)
[    2.680164] random: udevadm: uninitialized urandom read (16 bytes read, 5 bits of entropy available)
[    2.680207] random: udevadm: uninitialized urandom read (16 bytes read, 5 bits of entropy available)
[    2.710932] random: systemd-udevd: uninitialized urandom read (16 bytes read, 5 bits of entropy available)
[    2.721890] random: udevadm: uninitialized urandom read (16 bytes read, 5 bits of entropy available)
[    2.722031] random: udevadm: uninitialized urandom read (16 bytes read, 5 bits of entropy available)
[    2.723652] random: udevadm: uninitialized urandom read (16 bytes read, 5 bits of entropy available)
[    2.724025] random: udevadm: uninitialized urandom read (16 bytes read, 5 bits of entropy available)
[    2.724297] random: udevadm: uninitialized urandom read (16 bytes read, 5 bits of entropy available)
[    2.724685] random: udevadm: uninitialized urandom read (16 bytes read, 5 bits of entropy available)
[    2.954164] e1000: Intel(R) PRO/1000 Network Driver - version 7.3.21-k8-NAPI
[    2.960399] e1000: Copyright (c) 1999-2006 Intel Corporation.
[    2.976390] Fusion MPT base driver 3.04.20
[    2.979152] Copyright (c) 1999-2008 LSI Corporation
[    3.037532] AVX2 version of gcm_enc/dec engaged.
[    3.041067] AES CTR mode by8 optimization enabled
[    3.057693] Fusion MPT SPI Host driver 3.04.20
[    3.209655] input: ImExPS/2 Generic Explorer Mouse as /devices/platform/i8042/serio1/input/input4
[    4.104605] e1000 0000:00:03.0 eth0: (PCI:33MHz:32-bit) 02:be:82:6b:cc:1d
[    4.107453] e1000 0000:00:03.0 eth0: Intel(R) PRO/1000 Network Connection
[    5.134193] e1000 0000:00:08.0 eth1: (PCI:33MHz:32-bit) 08:00:27:9b:bf:16
[    5.148507] e1000 0000:00:08.0 eth1: Intel(R) PRO/1000 Network Connection
[    5.163233] e1000 0000:00:03.0 enp0s3: renamed from eth0
[    5.179953] mptbase: ioc0: Initiating bringup
[    5.195248] e1000 0000:00:08.0 enp0s8: renamed from eth1
[    5.260135] ioc0: LSI53C1030 A0: Capabilities={Initiator}
[    5.435244] scsi host2: ioc0: LSI53C1030 A0, FwRev=00000000h, Ports=1, MaxQ=256, IRQ=20
[    5.551400] scsi 2:0:0:0: Direct-Access     VBOX     HARDDISK         1.0  PQ: 0 ANSI: 5
[    5.556340] scsi target2:0:0: Beginning Domain Validation
[    5.562016] scsi target2:0:0: Domain Validation skipping write tests
[    5.564602] scsi target2:0:0: Ending Domain Validation
[    5.566372] scsi target2:0:0: asynchronous
[    5.579701] scsi 2:0:1:0: Direct-Access     VBOX     HARDDISK         1.0  PQ: 0 ANSI: 5
[    5.583186] scsi target2:0:1: Beginning Domain Validation
[    5.587260] scsi target2:0:1: Domain Validation skipping write tests
[    5.589159] scsi target2:0:1: Ending Domain Validation
[    5.591049] scsi target2:0:1: asynchronous
[    5.599280] sd 2:0:0:0: Attached scsi generic sg0 type 0
[    5.601825] sd 2:0:0:0: [sda] 83886080 512-byte logical blocks: (42.9 GB/40.0 GiB)
[    5.605134] sd 2:0:1:0: Attached scsi generic sg1 type 0
[    5.607968] sd 2:0:1:0: [sdb] 20480 512-byte logical blocks: (10.5 MB/10.0 MiB)
[    5.610518] sd 2:0:0:0: [sda] Write Protect is off
[    5.610868] sd 2:0:0:0: [sda] Incomplete mode parameter data
[    5.610870] sd 2:0:0:0: [sda] Assuming drive cache: write through
[    5.616307]  sda: sda1
[    5.617521] sd 2:0:0:0: [sda] Attached SCSI disk
[    5.625216] sd 2:0:1:0: [sdb] Write Protect is off
[    5.628749] sd 2:0:1:0: [sdb] Incomplete mode parameter data
[    5.630694] sd 2:0:1:0: [sdb] Assuming drive cache: write through
[    5.636258] sd 2:0:1:0: [sdb] Attached SCSI disk
Begin: Loading essential drivers ... [    7.393398] md: linear personality registered for level -1
[    7.403869] md: multipath personality registered for level -4
[    7.412678] md: raid0 personality registered for level 0
[    7.428796] md: raid1 personality registered for level 1
[    7.507493] raid6: sse2x1   gen()  4514 MB/s
[    7.579115] raid6: sse2x1   xor()  2306 MB/s
[    7.658996] raid6: sse2x2   gen()  2383 MB/s
[    7.742735] raid6: sse2x2   xor()  1369 MB/s
[    7.814801] raid6: sse2x4   gen()  2208 MB/s
[    7.890660] raid6: sse2x4   xor()  3828 MB/s
[    7.958905] raid6: avx2x1   gen()  6199 MB/s
[    8.034480] raid6: avx2x2   gen()  7026 MB/s
[    8.102527] raid6: avx2x4   gen()  9712 MB/s
[    8.106399] raid6: using algorithm avx2x4 gen() 9712 MB/s
[    8.128711] raid6: using avx2x2 recovery algorithm
[    8.136757] xor: automatically using best checksumming function:
[    8.178554]    avx       : 12895.000 MB/sec
[    8.184816] async_tx: api initialized (async)
[    8.204362] md: raid6 personality registered for level 6
[    8.210664] md: raid5 personality registered for level 5
[    8.213132] md: raid4 personality registered for level 4
[    8.229549] md: raid10 personality registered for level 10
done.
Begin: Running /scripts/init-premount ... done.
Begin: Mounting root file system ... Begin: Running /scripts/local-top ... done.
Begin: Running /scripts/local-premount ... [    8.298453] Btrfs loaded
Scanning for Btrfs filesystems
done.
Warning: fsck not present, so skipping root file system
[    8.361739] EXT4-fs (sda1): mounted filesystem with ordered data mode. Opts: (null)
done.
Begin: Running /scripts/local-bottom ... done.
Begin: Running /scripts/init-bottom ... done.
[    8.559756] systemd[1]: systemd 229 running in system mode. (+PAM +AUDIT +SELINUX +IMA +APPARMOR +SMACK +SYSVINIT +UTMP +LIBCRYPTSETUP +GCRYPT +GNUTLS +ACL +XZ -LZ4 +SECCOMP +BLKID +ELFUTILS +KMOD -IDN)
[    8.569741] systemd[1]: Detected virtualization oracle.
[    8.573188] systemd[1]: Detected architecture x86-64.

Welcome to [1mUbuntu 16.04.7 LTS[0m!

[    8.584315] systemd[1]: Set hostname to <ubuntu-xenial>.
[    9.126991] systemd[1]: Listening on udev Kernel Socket.
[[0;32m  OK  [0m] Listening on udev Kernel Socket.
[    9.139105] systemd[1]: Listening on LVM2 poll daemon socket.
[[0;32m  OK  [0m] Listening on LVM2 poll daemon socket.
[    9.151279] systemd[1]: Listening on udev Control Socket.
[[0;32m  OK  [0m] Listening on udev Control Socket.
[    9.157141] systemd[1]: Listening on Journal Socket.
[[0;32m  OK  [0m] Listening on Journal Socket.
[    9.162510] systemd[1]: Started Forward Password Requests to Wall Directory Watch.
[[0;32m  OK  [0m] Started Forward Password Requests to Wall Directory Watch.
[    9.175246] systemd[1]: Created slice System Slice.
[[0;32m  OK  [0m] Created slice System Slice.
[    9.198794] systemd[1]: Starting Nameserver information manager...
         Starting Nameserver information manager...
[    9.206138] systemd[1]: Created slice system-serial\x2dgetty.slice.
[[0;32m  OK  [0m] Created slice system-serial\x2dgetty.slice.
[    9.226992] systemd[1]: Mounting Debug File System...
         Mounting Debug File System...
[    9.233092] systemd[1]: Starting Uncomplicated firewall...
         Starting Uncomplicated firewall...
[    9.245883] systemd[1]: Starting Set console keymap...
         Starting Set console keymap...
[    9.252626] systemd[1]: Mounting POSIX Message Queue File System...
         Mounting POSIX Message Queue File System...
[    9.274883] systemd[1]: Reached target User and Group Name Lookups.
[[0;32m  OK  [0m] Reached target User and Group Name Lookups.
[    9.283703] systemd[1]: Mounting Huge Pages File System...
         Mounting Huge Pages File System...
[    9.290174] systemd[1]: Listening on /dev/initctl Compatibility Named Pipe.
[[0;32m  OK  [0m] Listening on /dev/initctl Compatibility Named Pipe.
[    9.297599] systemd[1]: Started Trigger resolvconf update for networkd DNS.
[[0;32m  OK  [0m] Started Trigger resolvconf update for networkd DNS.
[    9.311370] systemd[1]: Listening on Journal Socket (/dev/log).
[[0;32m  OK  [0m] Listening on Journal Socket (/dev/log).
[    9.330954] systemd[1]: Listening on Syslog Socket.
[[0;32m  OK  [0m] Listening on Syslog Socket.
[    9.338251] systemd[1]: Listening on fsck to fsckd communication Socket.
[[0;32m  OK  [0m] Listening on fsck to fsckd communication Socket.
[    9.359678] systemd[1]: Starting File System Check on Root Device...
         [    9.367652] systemd[1]: Reached target Swap.
Starting File System Check on Root Device...
[[0;32m  OK  [0m] Reached target Swap.
[    9.391083] systemd[1]: Starting Load Kernel Modules...
         Starting Load Kernel Modules...
[    9.397748] systemd[1]: Reached target System Time Synchronized.
[[0;32m  OK  [0m] Reached target System Time Synchronized.
[    9.409650] systemd[1]: Created slice User and Session Slice.
[[0;32m  OK  [0m] Created slice User and Session Slice.
[    9.420108] systemd[1]: Reached target Slices.
[    9.424013] Loading iSCSI transport class v2.0-870.
[[0;32m  OK  [0m] Reached target Slices.
[    9.429357] systemd[1]: Listening on Journal Audit Socket.
[[0;32m  OK  [0m] Listening on Journal Audit Socket.
[    9.453312] iscsi: registered transport (tcp)
[    9.462776] systemd[1]: Starting Journal Service...
         Starting Journal Service...
[    9.468502] systemd[1]: Set up automount Arbitrary Executable File Formats File System Automount Point.
[[0;32m  OK  [0m] Set up automount Arbitrary Executab...ats File System Automount Point.
[    9.493084] systemd[1]: Listening on Device-mapper event daemon FIFOs.
[[0;32m  OK  [[    9.499227] random: nonblocking pool is initialized
0m] Listening on Device-mapper event daemon FIFOs.
[    9.515758] systemd[1]: Reached target Encrypted Volumes.
[[0;32m  OK  [0m] Reached target Encrypted Volumes.
[    9.546742] systemd[1]: Starting Create list of required static device nodes for the current kernel...
         Starting Create list of required st... nodes for the current kernel...
[    9.564245] systemd[1]: Listening on LVM2 metadata daemon socket.
[[0;32m  OK  [0m] Listening on LVM2 metadata daemon socket.
[    9.586150] iscsi: registered transport (iser)
[    9.615017] systemd[1]: Starting Monitoring of LVM2 mirrors, snapshots etc. using dmeventd or progress polling...
         Starting Monitoring of LVM2 mirrors... dmeventd or progress polling...
[    9.640023] systemd[1]: Mounted Huge Pages File System.
[[0;32m  OK  [0m] Mounted Huge Pages File System.
[    9.653813] systemd[1]: Mounted POSIX Message Queue File System.
[[0;32m  OK  [0m] Mounted POSIX Message Queue File System.
[    9.667619] systemd[1]: Mounted Debug File System.
[[0;32m  OK  [0m] Mounted Debug File System.
[    9.688024] systemd[1]: Started Journal Service.
[[0;32m  OK  [0m] Started Journal Service.
[[0;32m  OK  [0m] Started Uncomplicated firewall.
[[0;32m  OK  [0m] Started Set console keymap.
[[0;32m  OK  [0m] Started File System Check on Root Device.
[[0;32m  OK  [0m] Started Load Kernel Modules.
[[0;32m  OK  [0m] Started Create list of required sta...ce nodes for the current kernel.
[[0;32m  OK  [0m] Started Nameserver information manager.
[[0;32m  OK  [0m] Started LVM2 metadata daemon.
[[0;32m  OK  [0m] Started File System Check Daemon to report status.
         Starting Create Static Device Nodes in /dev...
         Mounting FUSE Control File System...
         Starting Apply Kernel Variables...
         Starting Remount Root and Kernel File Systems...
[[0;32m  OK  [0m] Mounted FUSE Control File System.
[    9.829218] EXT4-fs (sda1): re-mounted. Opts: (null)
[[0;32m  OK  [0m] Started Remount Root and Kernel File Systems.
         Starting Flush Journal to Persistent Storage...
         Starting udev Coldplug all Devices...
         Starting Load/Save Random Seed...
[[0;32m  OK  [0m] Started Create Static Device Nodes in /dev.
[[0;32m  OK  [0m] Started Apply Kernel Variables.
[[0;32m  OK  [0m] Started Load/Save Random Seed.
         Starting udev Kernel Device Manager...
[[0;32m  OK  [0m] Started Flush Journal to Persistent Storage.
[[0;32m  OK  [0m] Started udev Kernel Device Manager.
[[0;32m  OK  [0m] Started udev Coldplug all Devices.
[[0;32m  OK  [0m] Started Dispatch Password Requests to Console Directory Watch.
[[0;32m  OK  [0m] Started Monitoring of LVM2 mirrors,...ng dmeventd or progress polling.
[[0;32m  OK  [0m] Reached target Local File Systems (Pre).
[[0;32m  OK  [0m] Reached target Local File Systems.
         Starting Initial cloud-init job (pre-networking)...
         Starting Tell Plymouth To Write Out Runtime Data...
         Starting Set console font and keymap...
         Starting Create Volatile Files and Directories...
         Starting LSB: AppArmor initialization...
[[0;32m  OK  [0m] Started Tell Plymouth To Write Out Runtime Data.
[[0;32m  OK  [0m] Started Create Volatile Files and Directories.
         Starting Update UTMP about System Boot/Shutdown...
[[0;32m  OK  [0m] Started Update UTMP about System Boot/Shutdown.
[[0;32m  OK  [0m] Found device /dev/ttyS0.
[[0;32m  OK  [0m] Started LSB: AppArmor initialization.
[[0;32m  OK  [0m] Listening on Load/Save RF Kill Switch Status /dev/rfkill Watch.
         Starting Load AppArmor profiles managed internally by snapd...
[[0;32m  OK  [0m] Started Load AppArmor profiles managed internally by snapd.
[[0;32m  OK  [0m] Found device 82540EM Gigabit Ethern...r (PRO/1000 MT Desktop Adapter).
[[0;32m  OK  [0m] Found device 82540EM Gigabit Ethern...r (PRO/1000 MT Desktop Adapter).
[   12.679853] cloud-init[508]: Cloud-init v. 21.1-19-gbad84ad4-0ubuntu1~16.04.2 running 'init-local' at Mon, 06 Jun 2022 10:52:12 +0000. Up 11.81 seconds.
[[0;32m  OK  [0m] Started Initial cloud-init job (pre-networking).
[[0;32m  OK  [0m] Reached target Network (Pre).
         Starting Raise network interfaces...
[[0;32m  OK  [0m] Started ifup for enp0s3.
[[0;32m  OK  [0m] Started ifup for enp0s8.
[[0;32m  OK  [0m] Started Set console font and keymap.
[[0;32m  OK  [0m] Created slice system-getty.slice.
[[0;32m  OK  [0m] Started Raise network interfaces.
[[0;32m  OK  [0m] Reached target Network.
         Starting Initial cloud-init job (metadata service crawler)...
[   14.824331] cloud-init[1091]: Cloud-init v. 21.1-19-gbad84ad4-0ubuntu1~16.04.2 running 'init' at Mon, 06 Jun 2022 10:52:15 +0000. Up 14.25 seconds.
[   14.837691] cloud-init[1091]: ci-info: ++++++++++++++++++++++++++++++++++++++Net device info+++++++++++++++++++++++++++++++++++++++
[   14.842998] cloud-init[1091]: ci-info: +--------+------+-----------------------------+---------------+--------+-------------------+
[   14.849457] cloud-init[1091]: ci-info: | Device |  Up  |           Address           |      Mask     | Scope  |     Hw-Address    |
[   14.856757] cloud-init[1091]: ci-info: +--------+------+-----------------------------+---------------+--------+-------------------+
[   14.863481] cloud-init[1091]: ci-info: | enp0s3 | True |          10.0.2.15          | 255.255.255.0 | global | 02:be:82:6b:cc:1d |
[   14.870888] cloud-init[1091]: ci-info: | enp0s3 | True |  fe80::be:82ff:fe6b:cc1d/64 |       .       |  link  | 02:be:82:6b:cc:1d |
[   14.878954] cloud-init[1091]: ci-info: | enp0s8 | True |        192.168.56.10        | 255.255.255.0 | global | 08:00:27:9b:bf:16 |
[   14.884853] cloud-init[1091]: ci-info: | enp0s8 | True | fe80::a00:27ff:fe9b:bf16/64 |       .       |  link  | 08:00:27:9b:bf:16 |
[   14.892852] cloud-init[1091]: ci-info: |   lo   | True |          127.0.0.1          |   255.0.0.0   |  host  |         .         |
[   14.898764] cloud-init[1091]: ci-info: |   lo   | True |           ::1/128           |       .       |  host  |         .         |
[   14.903866] cloud-init[1091]: ci-info: +--------+------+-----------------------------+---------------+--------+-------------------+
[   14.917606] cloud-init[1091]: ci-info: ++++++++++++++++++++++++++++Route IPv4 info++++++++++++++++++++++++++++
[   14.923497] cloud-init[[0;32m  OK  [0m] Started Initial cloud-init job (metadata service crawler).
[[0;32m  OK  [0m] Reached target System Initialization.
[[0;32m  OK  [0m] Started Ubuntu Advantage Timer for running repeated jobs.
[[0;32m  OK  [0m] Started Daily Cleanup of Temporary Directories.
[1091]: ci-info: +-------+--------------+----------+---------------+-----------+-------+
[   14.940163]          Starting Socket activation for snappy daemon.
cloud-init[1091]: ci-info: | Route | Destination  | Gateway  |    Genmask    | Interface | Flags |
[   14.945581] [[0;32m  OK  [0m] Started ACPI Events Check.
[[0;32m  OK  [0m] Listening on D-Bus System Message Bus Socket.
[[0;32m  OK  [0m] Listening on UUID daemon activation socket.
cloud-init[1091]: ci-info: +-------+--------------+----------+---------------+-----------+-------+
[   14.956533] [[0;32m  OK  [0m] Started Message of the Day.
[[0;32m  OK  [0m] Started Daily apt download activities.
[[0;32m  OK  [0m] Started Daily apt upgrade and clean activities.
cloud-init[1091]: ci-info: |   0   |   0.0.0.0    | 10.0.2.2 |    0.0.0.0    |   enp0s3  |   UG  |
[   14.972823]          Starting LXD - unix socket.
cloud-init[[1091]: [0;32m  OK  [0mci-info: |   1   |   10.0.2.0   | 0.0.0.0  | 255.255.255.0 |   enp0s3  |   U   |] 
Listening on ACPID Listen Socket.
[[0;32m  OK  [0m] Reached target Timers.
[   14.980445] [[0;32m  OK  [0m] Started Trigger to poll for Ubuntu ...nly enabled on GCP LTS non-pro).
[[0;32m  OK  [0m] Reached target Paths.
[[0;32m  OK  [0m] Reached target Network is Online.
cloud-init[1091]: ci-info: |   2   | 192.168.56.0 | 0.0.0.0  | 255.255.255.0 |   enp0s8  |   U   |
[   14.989621] cloud-init[1091]: ci-info: +-------+--------------+----------+---------------+-----------+-------+
[   14.992423] cloud-init[1091]: ci-info: +++++++++++++++++++Route IPv6 info+++++++++++++++++++
[   14.994928] cloud-init[1091]: ci-info: +-------+-------------+---------+-----------+-------+
[   14.998299] cloud-init[1091]:          Starting iSCSI initiator daemon (iscsid)...
[[0;32m  OK  [0m] Reached target Cloud-config availability.
ci-info: | Route | Destination | Gateway | Interface | Flags |
[   15.006429] cloud-init[1091]: ci-info: +-------+-------------+---------+-----------+-------+
[   15.010484] [[0;32m  OK  [0m] Listening on Socket activation for snappy daemon.
cloud-init[1091]: ci-info: |   0   |  fe80::/64  |    ::   |   enp0s8  |   U   |
[   15.014987] [[0;32m  OK  [0m] Listening on LXD - unix socket.
[[0;32m  OK  [0m] Reached target Sockets.
[[0;32m  OK  [0m] Reached target Basic System.
cloud-init[[0;32m  OK  [0m] Started D-Bus System Message Bus.
[1091]: ci-info: |   1   |  fe80::/64  |    ::   |   enp0s3  |   U   |
[   15.028553] cloud-init[1091]: ci-info: |   5   |   ff00::/8  |    ::   |   enp0s8  |   U   |
[   15.036997] cloud-init[1091]: ci-info: |   6   |   ff00::/8  |    ::   |   enp0s3  |   U   |
[   15.041575] cloud-init[1091]: ci-info: +-------+-------------+---------+-----------+-------+
         Starting LSB: MD monitoring daemon...
         Starting LSB: Record successful boot for GRUB...
         Starting Virtualbox guest utils...
         Starting /etc/rc.local Compatibility...
         Starting A high performance web server and a reverse proxy server...
         Starting System Logging Service...
[[0;32m  OK  [0m] Started Deferred execution scheduler.
         Starting Login Service...
         Starting OpenBSD Secure Shell server...
[[0;32m  OK  [0m] Started ACPI event daemon.
         Starting Accounts Service...
[[0;32m  OK  [0m] Started Regular background program processing daemon.
         Starting LXD - container startup/shutdown...
[[0;32m  OK  [0m] Started FUSE filesystem for LXC.
         Starting Snap Daemon...
[[0;32m  OK  [0m] Started /etc/rc.local Compatibility.
[[0;32m  OK  [0m] Started Login Service.
[[0;32m  OK  [0m] Started Unattended Upgrades Shutdown.
[[0;32m  OK  [0m] Started System Logging Service.
[[0;32m  OK  [0m] Started iSCSI initiator daemon (iscsid).
         Starting Login to default iSCSI targets...
[[0;32m  OK  [0m] Started LSB: Record successful boot for GRUB.
[[0;32m  OK  [0m] Started Login to default iSCSI targets.
[[0;32m  OK  [0m] Reached target Remote File Systems (Pre).
         Mounting /home/vagrant/app...
[[0;32m  OK  [0m] Started OpenBSD Secure Shell server.
[[0;32m  OK  [0m] Started LSB: MD monitoring daemon.
[[0;32m  OK  [0m] Started LXD - container startup/shutdown.
[[0;1;31mFAILED[0m] Failed to mount /home/vagrant/app.
See 'systemctl status home-vagrant-app.mount' for details.
[[0;1;33mDEPEND[0m] Dependency failed for Remote File Systems.
[[0;32m  OK  [0m] Started A high performance web server and a reverse proxy server.
         Starting Authenticate and Authorize Users to Run Privileged Tasks...
         Starting Permit User Sessions...
         Starting LSB: daemon to balance interrupts for SMP systems...
         Starting LSB: automatic crash report generation...
         Starting LSB: Set the CPU Frequency Scaling governor to "ondemand"...
[[0;32m  OK  [0m] Started Permit User Sessions.
         Starting Hold until boot process finishes up...
         Starting Terminate Plymouth Boot Screen...
[[0;32m  OK  [0m] Started Hold until boot process finishes up.
[[0;32m  OK  [0m] Started Virtualbox guest utils.
[[0;32m  OK  [0m] Started Serial Getty on ttyS0.
         Starting Set console scheme...
[[0;32m  OK  [0m] Started Getty on tty1.
[[0;32m  OK  [0m] Reached target Login Prompts.
[[0;32m  OK  [0m] Started Terminate Plymouth Boot Screen.
[[0;32m  OK  [0m] Started Set console scheme.
[[0;32m  OK  [0m] Started Authenticate and Authorize Users to Run Privileged Tasks.
[[0;32m  OK  [0m] Started Accounts Service.
[[0;32m  OK  [0m] Started LSB: Set the CPU Frequency Scaling governor to "ondemand".
[[0;32m  OK  [0m] Started LSB: automatic crash report generation.
[[0;32m  OK  [0m] Started LSB: daemon to balance interrupts for SMP systems.
[[0;32m  OK  [0m] Started Snap Daemon.
         Starting Wait until snapd is fully seeded...
[[0;32m  OK  [0m] Started Wait until snapd is fully seeded.
         Starting Apply the settings specified in cloud-config...
[[0;32m  OK  [0m] Reached target Multi-User System.
[[0;32m  OK  [0m] Reached target Graphical Interface.
         Starting Update UTMP about System Runlevel Changes...
[[0;32m  OK  [0m] Started Update UTMP about System Runlevel Changes.
[   17.428148] cloud-init[1362]: Cloud-init v. 21.1-19-gbad84ad4-0ubuntu1~16.04.2 running 'modules:config' at Mon, 06 Jun 2022 10:52:17 +0000. Up 17.10 seconds.
[[0;32m  OK  [0m] Started Apply the settings specified in cloud-config.
         Starting Execute cloud user/final scripts...
[[0;32m  OK  [0m] Created slice User Slice of vagrant.
         Starting User Manager for UID 1000...
[[0;32m  OK  [0m] Started Session 1 of user vagrant.
[[0;32m  OK  [0m] Started User Manager for UID 1000.
[   18.467399] cloud-init[1377]: Cloud-init v. 21.1-19-gbad84ad4-0ubuntu1~16.04.2 running 'modules:final' at Mon, 06 Jun 2022 10:52:19 +0000. Up 18.14 seconds.
[   18.483072] cloud-init[1377]: Cloud-init v. 21.1-19-gbad84ad4-0ubuntu1~16.04.2 finished at Mon, 06 Jun 2022 10:52:19 +0000. Datasource DataSourceNoCloud [seed=/dev/sdb][dsmode=net].  Up 18.43 seconds
[[0;32m  OK  [0m] Started Execute cloud user/final scripts.
[[0;32m  OK  [0m] Reached target Cloud-init target.

Ubuntu 16.04.7 LTS ubuntu-xenial ttyS0

ubuntu-xenial login: 